── Attaching core tidyverse packages ──────────────────────── tidyverse 2.0.0 ──
✔ dplyr     1.1.2     ✔ readr     2.1.4
✔ forcats   1.0.0     ✔ stringr   1.5.0
✔ ggplot2   3.4.2     ✔ tibble    3.2.1
✔ lubridate 1.9.2     ✔ tidyr     1.3.0
✔ purrr     1.0.1
── Conflicts ────────────────────────────────────────── tidyverse_conflicts() ──
✖ dplyr::filter() masks stats::filter()
✖ dplyr::lag()    masks stats::lag()
ℹ Use the conflicted package (<http://conflicted.r-lib.org/>) to force all conflicts to become errors
Welcome! Want to learn more? See two factoextra-related books at https://goo.gl/ve3WBa

Attaching package: ‘gridExtra’

The following object is masked from ‘package:dplyr’:

    combine


Attaching package: ‘zoo’

The following objects are masked from ‘package:base’:

    as.Date, as.Date.numeric

corrplot 0.92 loaded
Registered S3 method overwritten by 'GGally':
  method from
  +.gg   ggplot2
NULL

Execution halted
── Attaching core tidyverse packages ──────────────────────── tidyverse 2.0.0 ──
✔ dplyr     1.1.2     ✔ readr     2.1.4
✔ forcats   1.0.0     ✔ stringr   1.5.0
✔ ggplot2   3.4.2     ✔ tibble    3.2.1
✔ lubridate 1.9.2     ✔ tidyr     1.3.0
✔ purrr     1.0.1
── Conflicts ────────────────────────────────────────── tidyverse_conflicts() ──
✖ dplyr::filter() masks stats::filter()
✖ dplyr::lag()    masks stats::lag()
ℹ Use the conflicted package (<http://conflicted.r-lib.org/>) to force all conflicts to become errors
Welcome! Want to learn more? See two factoextra-related books at https://goo.gl/ve3WBa

Attaching package: ‘gridExtra’

The following object is masked from ‘package:dplyr’:

    combine


Attaching package: ‘zoo’

The following objects are masked from ‘package:base’:

    as.Date, as.Date.numeric

corrplot 0.92 loaded
Registered S3 method overwritten by 'GGally':
  method from
  +.gg   ggplot2
NULL
     location total_deaths DaysSince5
1 Afghanistan            5          1
2 Afghanistan            5          2
3 Afghanistan            7          3
4 Afghanistan            7          4
5 Afghanistan           11          5
6 Afghanistan           14          6
        location total_deaths DaysSince5 total_boosters_per_hundred
1    Afghanistan            5          1                         NA
2         Africa            5          1                         NA
3        Albania            5          1                         NA
4        Algeria           30          1                         NA
5 American Samoa            7          1                         NA
6        Andorra            6          1                         NA
Error in if (dataowd5_days[k, 9] == dataowd5_days[k + 1, 9]) { :
  missing value where TRUE/FALSE needed
Execution halted
